

Microchip MPLAB XC8 Assembler V2.20 build 20200408173844 
                                                                                               Tue Feb 08 12:11:45 2022

Microchip MPLAB XC8 C Compiler v2.20 (Free license) build 20200408173844 Og1 
     1                           	processor	18F87J90
     2                           	fnconf	rparam,??,?,0
     3                           	pagewidth 120
     4                           	opt	flic
     5                           	psect	cinit,global,reloc=2,class=CODE,delta=1
     6                           	psect	bssCOMRAM,global,class=COMRAM,space=1,delta=1,lowdata,noexec
     7                           	psect	cstackCOMRAM,global,class=COMRAM,space=1,delta=1,lowdata,noexec
     8                           	psect	text0,global,reloc=2,class=CODE,delta=1
     9                           	psect	intcode,global,reloc=2,class=CODE,delta=1
    10                           	psect	intsave_regs,global,class=BIGRAM,space=1,delta=1,noexec
    11                           	psect	rparam,global,class=COMRAM,space=1,delta=1,noexec
    12                           	psect	temp,global,ovrld,common,class=COMRAM,space=1,delta=1
    13                           	psect	config,global,abs,ovrld,class=CONFIG,space=4,delta=1,noexec
    14  0000                     
    15                           ; Version 2.32
    16                           ; Generated 23/11/2020 GMT
    17                           ; 
    18                           ; Copyright © 2020, Microchip Technology Inc. and its subsidiaries ("Microchip")
    19                           ; All rights reserved.
    20                           ; 
    21                           ; This software is developed by Microchip Technology Inc. and its subsidiaries ("Microch
      +                          ip").
    22                           ; 
    23                           ; Redistribution and use in source and binary forms, with or without modification, are
    24                           ; permitted provided that the following conditions are met:
    25                           ; 
    26                           ;     1. Redistributions of source code must retain the above copyright notice, this lis
      +                          t of
    27                           ;        conditions and the following disclaimer.
    28                           ; 
    29                           ;     2. Redistributions in binary form must reproduce the above copyright notice, this 
      +                          list
    30                           ;        of conditions and the following disclaimer in the documentation and/or other
    31                           ;        materials provided with the distribution. Publication is not required when
    32                           ;        this file is used in an embedded application.
    33                           ; 
    34                           ;     3. Microchip's name may not be used to endorse or promote products derived from th
      +                          is
    35                           ;        software without specific prior written permission.
    36                           ; 
    37                           ; THIS SOFTWARE IS PROVIDED BY MICROCHIP "AS IS" AND ANY EXPRESS OR IMPLIED WARRANTIES,
    38                           ; INCLUDING, BUT NOT LIMITED TO, THE IMPLIED WARRANTIES OF MERCHANTABILITY AND FITNESS F
      +                          OR
    39                           ; PURPOSE ARE DISCLAIMED.  IN NO EVENT SHALL MICROCHIP BE LIABLE FOR ANY DIRECT, INDIREC
      +                          T,
    40                           ; INCIDENTAL, SPECIAL, EXEMPLARY, OR CONSEQUENTIAL DAMAGES (INCLUDING BUT NOT LIMITED TO
    41                           ; PROCUREMENT OF SUBSTITUTE GOODS OR SERVICES; LOSS OF USE, DATA OR PROFITS; OR BUSINESS
    42                           ; INTERRUPTION) HOWSOEVER CAUSED AND ON ANY THEORY OF LIABILITY, WHETHER IN CONTRACT, ST
      +                          RICT
    43                           ; LIABILITY, OR TORT (INCLUDING NEGLIGENCE OR OTHERWISE) ARISING IN ANY WAY OUT OF THE U
      +                          SE OF
    44                           ; THIS SOFTWARE, EVEN IF ADVISED OF THE POSSIBILITY OF SUCH DAMAGE.
    45                           ; 
    46                           ; 
    47                           ; Code-generator required, PIC18F87J90 Definitions
    48                           ; 
    49                           ; SFR Addresses
    50  0000                     _TMR1	set	4046
    51  0000                     _T1CONbits	set	4045
    52  0000                     _PIR1bits	set	3998
    53  0000                     _INTCONbits	set	4082
    54  0000                     _IPR1bits	set	3999
    55  0000                     _RCONbits	set	4048
    56  0000                     _PIE1bits	set	3997
    57  0000                     _TMR1L	set	4046
    58  0000                     _TMR1H	set	4047
    59  0000                     _T1CON	set	4045
    60  0000                     _LATE	set	3981
    61  0000                     _TRISE	set	3990
    62  0000                     _OSCCONbits	set	4051
    63  0000                     _TMR1IF	set	31984
    64                           
    65                           ; #config settings
    66                           
    67                           	psect	cinit
    68  000088                     __pcinit:
    69                           	callstack 0
    70  000088                     start_initialization:
    71                           	callstack 0
    72  000088                     __initialization:
    73                           	callstack 0
    74                           
    75                           ; Clear objects allocated to COMRAM (2 bytes)
    76  000088  6A02               	clrf	(__pbssCOMRAM+1)& (0+255),c
    77  00008A  6A01               	clrf	__pbssCOMRAM& (0+255),c
    78  00008C                     end_of_initialization:
    79                           	callstack 0
    80  00008C                     __end_of__initialization:
    81                           	callstack 0
    82  00008C  9003               	bcf	int$flags,0,c	;clear compiler interrupt flag (level 1)
    83  00008E  9203               	bcf	int$flags,1,c	;clear compiler interrupt flag (level 2)
    84  000090  0100               	movlb	0
    85  000092  EF2C  F000         	goto	_main	;jump to C main() function
    86                           
    87                           	psect	bssCOMRAM
    88  000001                     __pbssCOMRAM:
    89                           	callstack 0
    90  000001                     _count:
    91                           	callstack 0
    92  000001                     	ds	2
    93                           
    94                           	psect	cstackCOMRAM
    95  000000                     __pcstackCOMRAM:
    96                           	callstack 0
    97  000000                     
    98                           ; 1 bytes @ 0x0
    99 ;;
   100 ;;Main: autosize = 0, tempsize = 0, incstack = 0, save=0
   101 ;;
   102 ;; *************** function _main *****************
   103 ;; Defined at:
   104 ;;		line 17 in file "main.c"
   105 ;; Parameters:    Size  Location     Type
   106 ;;		None
   107 ;; Auto vars:     Size  Location     Type
   108 ;;		None
   109 ;; Return value:  Size  Location     Type
   110 ;;                  1    wreg      void 
   111 ;; Registers used:
   112 ;;		wreg, status,2
   113 ;; Tracked objects:
   114 ;;		On entry : 0/0
   115 ;;		On exit  : 0/0
   116 ;;		Unchanged: 0/0
   117 ;; Data sizes:     COMRAM   BANK0   BANK1   BANK2   BANK3   BANK4   BANK5   BANK6   BANK7   BANK8   BANK9  BANK10  BANK1
      +1  BANK12  BANK13  BANK14  BANK15
   118 ;;      Params:         0       0       0       0       0       0       0       0       0       0       0       0       
      +0       0       0       0       0
   119 ;;      Locals:         0       0       0       0       0       0       0       0       0       0       0       0       
      +0       0       0       0       0
   120 ;;      Temps:          0       0       0       0       0       0       0       0       0       0       0       0       
      +0       0       0       0       0
   121 ;;      Totals:         0       0       0       0       0       0       0       0       0       0       0       0       
      +0       0       0       0       0
   122 ;;Total ram usage:        0 bytes
   123 ;; Hardware stack levels required when called:    1
   124 ;; This function calls:
   125 ;;		Nothing
   126 ;; This function is called by:
   127 ;;		Startup code after reset
   128 ;; This function uses a non-reentrant model
   129 ;;
   130                           
   131                           	psect	text0
   132  000058                     __ptext0:
   133                           	callstack 0
   134  000058                     _main:
   135                           	callstack 30
   136  000058                     
   137                           ;main.c: 19: 
   138  000058  50D3               	movf	211,w,c	;volatile
   139  00005A  0BFC               	andlw	-4
   140  00005C  0902               	iorlw	2
   141  00005E  6ED3               	movwf	211,c	;volatile
   142                           
   143                           ;main.c: 21: 
   144  000060  0E00               	movlw	0
   145  000062  6E96               	movwf	150,c	;volatile
   146                           
   147                           ;main.c: 22:     while (1);
   148  000064  0E00               	movlw	0
   149  000066  6E8D               	movwf	141,c	;volatile
   150                           
   151                           ;main.c: 23: }
   152  000068  0E80               	movlw	128
   153  00006A  6ECD               	movwf	205,c	;volatile
   154                           
   155                           ;main.c: 24: 
   156  00006C  0EEA               	movlw	234
   157  00006E  6ECF               	movwf	207,c	;volatile
   158                           
   159                           ;main.c: 25: void __attribute__((picinterrupt(("high_priority")))) high_isr(void)
   160  000070  0E68               	movlw	104
   161  000072  6ECE               	movwf	206,c	;volatile
   162  000074                     
   163                           ;main.c: 27:     if(TMR1IF == 1){
   164  000074  809D               	bsf	157,0,c	;volatile
   165  000076                     
   166                           ;main.c: 28:         count = count+1;
   167  000076  8ED0               	bsf	208,7,c	;volatile
   168  000078                     
   169                           ;main.c: 29:         if(count == 1000){
   170  000078  809F               	bsf	159,0,c	;volatile
   171  00007A                     
   172                           ;main.c: 30:             LATE = ~(LATE);
   173  00007A  8EF2               	bsf	242,7,c	;volatile
   174  00007C                     
   175                           ;main.c: 31:             count = 0;
   176  00007C  909E               	bcf	158,0,c	;volatile
   177  00007E                     
   178                           ;main.c: 33:      TMR1 = 0xEA68;
   179  00007E  80CD               	bsf	205,0,c	;volatile
   180  000080                     l35:
   181  000080  EF40  F000         	goto	l35
   182  000084  EF2A  F000         	goto	start
   183  000088                     __end_of_main:
   184                           	callstack 0
   185                           
   186 ;; *************** function _high_isr *****************
   187 ;; Defined at:
   188 ;;		line 38 in file "main.c"
   189 ;; Parameters:    Size  Location     Type
   190 ;;		None
   191 ;; Auto vars:     Size  Location     Type
   192 ;;		None
   193 ;; Return value:  Size  Location     Type
   194 ;;                  1    wreg      void 
   195 ;; Registers used:
   196 ;;		wreg, status,2, status,0
   197 ;; Tracked objects:
   198 ;;		On entry : 0/0
   199 ;;		On exit  : 0/0
   200 ;;		Unchanged: 0/0
   201 ;; Data sizes:     COMRAM   BANK0   BANK1   BANK2   BANK3   BANK4   BANK5   BANK6   BANK7   BANK8   BANK9  BANK10  BANK1
      +1  BANK12  BANK13  BANK14  BANK15
   202 ;;      Params:         0       0       0       0       0       0       0       0       0       0       0       0       
      +0       0       0       0       0
   203 ;;      Locals:         0       0       0       0       0       0       0       0       0       0       0       0       
      +0       0       0       0       0
   204 ;;      Temps:          0       0       0       0       0       0       0       0       0       0       0       0       
      +0       0       0       0       0
   205 ;;      Totals:         0       0       0       0       0       0       0       0       0       0       0       0       
      +0       0       0       0       0
   206 ;;Total ram usage:        0 bytes
   207 ;; Hardware stack levels used:    1
   208 ;; This function calls:
   209 ;;		Nothing
   210 ;; This function is called by:
   211 ;;		Interrupt level 2
   212 ;; This function uses a non-reentrant model
   213 ;;
   214                           
   215                           	psect	intcode
   216  000008                     __pintcode:
   217                           	callstack 0
   218  000008                     _high_isr:
   219                           	callstack 30
   220                           
   221                           ;incstack = 0
   222  000008  8203               	bsf	int$flags,1,c	;set compiler interrupt flag (level 2)
   223  00000A  A09E               	btfss	3998,0,c	;volatile
   224  00000C  EF0A  F000         	goto	i2u1_41
   225  000010  EF0C  F000         	goto	i2u1_40
   226  000014                     i2u1_41:
   227  000014  EF28  F000         	goto	i2l45
   228  000018                     i2u1_40:
   229  000018  0E01               	movlw	1
   230  00001A  2401               	addwf	_count^0,w,c
   231  00001C  6E01               	movwf	_count^0,c
   232  00001E  0E00               	movlw	0
   233  000020  2002               	addwfc	(_count+1)^0,w,c
   234  000022  6E02               	movwf	(_count+1)^0,c
   235  000024  0EE8               	movlw	232
   236  000026  1801               	xorwf	_count^0,w,c
   237  000028  E107               	bnz	i2u2_41
   238  00002A  0E03               	movlw	3
   239  00002C  1802               	xorwf	(_count+1)^0,w,c
   240  00002E  A4D8               	btfss	status,2,c
   241  000030  EF1C  F000         	goto	i2u2_41
   242  000034  EF1E  F000         	goto	i2u2_40
   243  000038                     i2u2_41:
   244  000038  EF23  F000         	goto	i2l743
   245  00003C                     i2u2_40:
   246  00003C  1E8D               	comf	141,f,c	;volatile
   247  00003E  0E00               	movlw	0
   248  000040  6E02               	movwf	(_count+1)^0,c
   249  000042  0E00               	movlw	0
   250  000044  6E01               	movwf	_count^0,c
   251  000046                     i2l743:
   252  000046  0EEA               	movlw	234
   253  000048  6ECF               	movwf	207,c	;volatile
   254  00004A  0E68               	movlw	104
   255  00004C  6ECE               	movwf	206,c	;volatile
   256  00004E  909E               	bcf	3998,0,c	;volatile
   257  000050                     i2l45:
   258  000050  9203               	bcf	int$flags,1,c	;clear compiler interrupt flag (level 2)
   259  000052  0011               	retfie		f
   260  000054                     __end_of_high_isr:
   261                           	callstack 0
   262  0000                     
   263                           	psect	rparam
   264  0000                     
   265                           	psect	temp
   266  000003                     btemp:
   267                           	callstack 0
   268  000003                     	ds	1
   269  0000                     int$flags	set	btemp
   270  0000                     wtemp8	set	btemp+1
   271  0000                     ttemp5	set	btemp+1
   272  0000                     ttemp6	set	btemp+4
   273  0000                     ttemp7	set	btemp+8
   274                           
   275                           	psect	config
   276                           
   277                           ;Config register CONFIG1L @ 0x1FFF8
   278                           ;	Watchdog Timer
   279                           ;	WDTEN = OFF, Disabled-Controlled by SWDTEN bit
   280                           ;	Stack Overflow Reset
   281                           ;	STVREN = OFF, Disabled
   282                           ;	Extended Instruction Set Enable bit
   283                           ;	XINST = OFF, Disabled
   284                           ;	Background Debugger Enable bit
   285                           ;	DEBUG = 0x1, unprogrammed default
   286  1FFF8                     	org	131064
   287  1FFF8  80                 	db	128
   288                           
   289                           ;Config register CONFIG1H @ 0x1FFF9
   290                           ;	Code Protect
   291                           ;	CP0 = OFF, Disabled
   292  1FFF9                     	org	131065
   293  1FFF9  F4                 	db	244
   294                           
   295                           ;Config register CONFIG2L @ 0x1FFFA
   296                           ;	Oscillator Selection bits
   297                           ;	OSC = HS, HS oscillator
   298                           ;	Secondary Clock Source T1OSCEN Enforcement
   299                           ;	T1DIG = 0x1, unprogrammed default
   300                           ;	Low-Power Timer1 Oscillator Enable bit
   301                           ;	LPT1OSC = 0x1, unprogrammed default
   302                           ;	Fail-Safe Clock Monitor Enable bit
   303                           ;	FCMEN = OFF, Fail-Safe Clock Monitor disabled
   304                           ;	Two-Speed Start-up (Internal/External Oscillator Switchover) Control bit
   305                           ;	IESO = OFF, Two-Speed Start-up disabled
   306  1FFFA                     	org	131066
   307  1FFFA  1C                 	db	28
   308                           
   309                           ;Config register CONFIG2H @ 0x1FFFB
   310                           ;	unspecified, using default values
   311                           ;	Watchdog Timer Postscaler Select bits
   312                           ;	WDTPS = 0xF, unprogrammed default
   313  1FFFB                     	org	131067
   314  1FFFB  FF                 	db	255
   315                           
   316                           ;Config register CONFIG3L @ 0x1FFFC
   317                           ;	unspecified, using default values
   318                           ;	RTCC Reference Clock Select bit
   319                           ;	RTCSOSC = 0x1, unprogrammed default
   320  1FFFC                     	org	131068
   321  1FFFC  F2                 	db	242
   322                           
   323                           ;Config register CONFIG3H @ 0x1FFFD
   324                           ;	unspecified, using default values
   325                           ;	CCP2 MUX
   326                           ;	CCP2MX = 0x1, unprogrammed default
   327  1FFFD                     	org	131069
   328  1FFFD  F1                 	db	241
   329                           tosu	equ	0xFFF
   330                           tosh	equ	0xFFE
   331                           tosl	equ	0xFFD
   332                           stkptr	equ	0xFFC
   333                           pclatu	equ	0xFFB
   334                           pclath	equ	0xFFA
   335                           pcl	equ	0xFF9
   336                           tblptru	equ	0xFF8
   337                           tblptrh	equ	0xFF7
   338                           tblptrl	equ	0xFF6
   339                           tablat	equ	0xFF5
   340                           prodh	equ	0xFF4
   341                           prodl	equ	0xFF3
   342                           indf0	equ	0xFEF
   343                           postinc0	equ	0xFEE
   344                           postdec0	equ	0xFED
   345                           preinc0	equ	0xFEC
   346                           plusw0	equ	0xFEB
   347                           fsr0h	equ	0xFEA
   348                           fsr0l	equ	0xFE9
   349                           wreg	equ	0xFE8
   350                           indf1	equ	0xFE7
   351                           postinc1	equ	0xFE6
   352                           postdec1	equ	0xFE5
   353                           preinc1	equ	0xFE4
   354                           plusw1	equ	0xFE3
   355                           fsr1h	equ	0xFE2
   356                           fsr1l	equ	0xFE1
   357                           bsr	equ	0xFE0
   358                           indf2	equ	0xFDF
   359                           postinc2	equ	0xFDE
   360                           postdec2	equ	0xFDD
   361                           preinc2	equ	0xFDC
   362                           plusw2	equ	0xFDB
   363                           fsr2h	equ	0xFDA
   364                           fsr2l	equ	0xFD9
   365                           status	equ	0xFD8

Data Sizes:
    Strings     0
    Constant    0
    Data        0
    BSS         2
    Persistent  0
    Stack       0

Auto Spaces:
    Space          Size  Autos    Used
    COMRAM           94      0       2
    BANK0           160      0       0
    BANK1           256      0       0
    BANK2           256      0       0
    BANK3           256      0       0
    BANK4           256      0       0
    BANK5           256      0       0
    BANK6           256      0       0
    BANK7           256      0       0
    BANK8           256      0       0
    BANK9           256      0       0
    BANK10          256      0       0
    BANK11          256      0       0
    BANK12          256      0       0
    BANK13          256      0       0
    BANK14          256      0       0
    BANK15           84      0       0

Pointer List with Targets:

    None.

Critical Paths under _main in COMRAM

    None.

Critical Paths under _high_isr in COMRAM

    None.

Critical Paths under _main in BANK0

    None.

Critical Paths under _high_isr in BANK0

    None.

Critical Paths under _main in BANK1

    None.

Critical Paths under _high_isr in BANK1

    None.

Critical Paths under _main in BANK2

    None.

Critical Paths under _high_isr in BANK2

    None.

Critical Paths under _main in BANK3

    None.

Critical Paths under _high_isr in BANK3

    None.

Critical Paths under _main in BANK4

    None.

Critical Paths under _high_isr in BANK4

    None.

Critical Paths under _main in BANK5

    None.

Critical Paths under _high_isr in BANK5

    None.

Critical Paths under _main in BANK6

    None.

Critical Paths under _high_isr in BANK6

    None.

Critical Paths under _main in BANK7

    None.

Critical Paths under _high_isr in BANK7

    None.

Critical Paths under _main in BANK8

    None.

Critical Paths under _high_isr in BANK8

    None.

Critical Paths under _main in BANK9

    None.

Critical Paths under _high_isr in BANK9

    None.

Critical Paths under _main in BANK10

    None.

Critical Paths under _high_isr in BANK10

    None.

Critical Paths under _main in BANK11

    None.

Critical Paths under _high_isr in BANK11

    None.

Critical Paths under _main in BANK12

    None.

Critical Paths under _high_isr in BANK12

    None.

Critical Paths under _main in BANK13

    None.

Critical Paths under _high_isr in BANK13

    None.

Critical Paths under _main in BANK14

    None.

Critical Paths under _high_isr in BANK14

    None.

Critical Paths under _main in BANK15

    None.

Critical Paths under _high_isr in BANK15

    None.

Call Graph Tables:

 ---------------------------------------------------------------------------------
 (Depth) Function   	        Calls       Base Space   Used Autos Params    Refs
 ---------------------------------------------------------------------------------
 (0) _main                                                 0     0      0       0
 ---------------------------------------------------------------------------------
 Estimated maximum stack depth 0
 ---------------------------------------------------------------------------------
 (Depth) Function   	        Calls       Base Space   Used Autos Params    Refs
 ---------------------------------------------------------------------------------
 (1) _high_isr                                             0     0      0       0
 ---------------------------------------------------------------------------------
 Estimated maximum stack depth 1
 ---------------------------------------------------------------------------------

 Call Graph Graphs:

 _main (ROOT)

 _high_isr (ROOT)

 Address spaces:
Name               Size   Autos  Total    Cost      Usage
BIGRAM             F53      0       0      37        0.0%
BITBANK14          100      0       0      33        0.0%
BANK14             100      0       0      34        0.0%
BITBANK13          100      0       0      31        0.0%
BANK13             100      0       0      32        0.0%
BITBANK12          100      0       0      29        0.0%
BANK12             100      0       0      30        0.0%
BITBANK11          100      0       0      27        0.0%
BANK11             100      0       0      28        0.0%
BITBANK10          100      0       0      25        0.0%
BANK10             100      0       0      26        0.0%
BITBANK9           100      0       0      23        0.0%
BANK9              100      0       0      24        0.0%
BITBANK8           100      0       0      21        0.0%
BANK8              100      0       0      22        0.0%
BITBANK7           100      0       0      19        0.0%
BANK7              100      0       0      20        0.0%
BITBANK6           100      0       0      17        0.0%
BANK6              100      0       0      18        0.0%
BITBANK5           100      0       0      15        0.0%
BANK5              100      0       0      16        0.0%
BITBANK4           100      0       0      13        0.0%
BANK4              100      0       0      14        0.0%
BITBANK3           100      0       0      10        0.0%
BANK3              100      0       0      11        0.0%
BITBANK2           100      0       0       8        0.0%
BANK2              100      0       0       9        0.0%
BITBANK1           100      0       0       6        0.0%
BANK1              100      0       0       7        0.0%
BITBANK0            A0      0       0       4        0.0%
BANK0               A0      0       0       5        0.0%
BITCOMRAM           5E      0       0       0        0.0%
COMRAM              5E      0       2       1        2.1%
BITBANK15           54      0       0      35        0.0%
BANK15              54      0       0      36        0.0%
BITSFR_1             0      0       0     200        0.0%
SFR_1                0      0       0     200        0.0%
BITSFR               0      0       0     200        0.0%
SFR                  0      0       0     200        0.0%
STACK                0      0       0       2        0.0%
NULL                 0      0       0       0        0.0%
ABS                  0      0       2      12        0.0%
DATA                 0      0       2       3        0.0%
CODE                 0      0       0       0        0.0%


Microchip Technology PIC18 Macro Assembler V2.20 build 20200408173844 
Symbol Table                                                                                   Tue Feb 08 12:11:45 2022

                     l35 0080                       l36 0080                      l721 0058  
                    l731 007C                      l723 0074                      l733 007E  
                    l725 0076                      l727 0078                      l729 007A  
                   _LATE 000F8D                     i2l45 0050                     _TMR1 000FCE  
                   _main 0058                     btemp 0003                     start 0054  
           ___param_bank 000000                    ?_main 0000                    _T1CON 000FCD  
                  i2l741 003E                    i2l743 0046                    i2l735 000A  
                  i2l745 004E                    i2l737 0018                    i2l739 003C  
                  _TMR1H 000FCF                    _TMR1L 000FCE                    _TRISE 000F96  
                  _count 0001                    ttemp5 0004                    ttemp6 0007  
                  ttemp7 000B                    status 000FD8                    wtemp8 0004  
        __initialization 0088             __end_of_main 0088                   ??_main 0000  
          __activetblptr 000000                   _TMR1IF 007CF0                   i2u1_40 0018  
                 i2u1_41 0014                   i2u2_40 003C                   i2u2_41 0038  
       __end_of_high_isr 0054               __accesstop 0060  __end_of__initialization 008C  
          ___rparam_used 000001           __pcstackCOMRAM 0000                ?_high_isr 0000  
                __Hparam 0000                  __Lparam 0000                  __pcinit 0088  
                __ramtop 1000                  __ptext0 0058                _T1CONbits 000FCD  
             ??_high_isr 0000     end_of_initialization 008C      start_initialization 0088  
            __pbssCOMRAM 0001        __size_of_high_isr 004C                __pintcode 0008  
               _IPR1bits 000F9F                 _PIE1bits 000F9D                 _PIR1bits 000F9E  
               _RCONbits 000FD0                 __Hrparam 0000                 __Lrparam 0000  
               _high_isr 0008            __size_of_main 0030                 int$flags 0003  
             _INTCONbits 000FF2                 intlevel2 0000               _OSCCONbits 000FD3  
