

Microchip MPLAB XC8 Assembler V2.20 build 20200408173844 
                                                                                               Mon Mar 21 11:20:40 2022

Microchip MPLAB XC8 C Compiler v2.20 (Free license) build 20200408173844 Og1 
     1                           	processor	18F87J90
     2                           	fnconf	rparam,??,?,0
     3                           	pagewidth 120
     4                           	opt	flic
     5                           	psect	cinit,global,reloc=2,class=CODE,delta=1
     6                           	psect	bssCOMRAM,global,class=COMRAM,space=1,delta=1,lowdata,noexec
     7                           	psect	cstackCOMRAM,global,class=COMRAM,space=1,delta=1,lowdata,noexec
     8                           	psect	text0,global,reloc=2,class=CODE,delta=1
     9                           	psect	intcode,global,reloc=2,class=CODE,delta=1
    10                           	psect	intsave_regs,global,class=BIGRAM,space=1,delta=1,noexec
    11                           	psect	rparam,global,class=COMRAM,space=1,delta=1,noexec
    12                           	psect	temp,global,ovrld,common,class=COMRAM,space=1,delta=1
    13                           	psect	config,global,abs,ovrld,class=CONFIG,space=4,delta=1,noexec
    14  0000                     
    15                           ; Version 2.32
    16                           ; Generated 23/11/2020 GMT
    17                           ; 
    18                           ; Copyright © 2020, Microchip Technology Inc. and its subsidiaries ("Microchip")
    19                           ; All rights reserved.
    20                           ; 
    21                           ; This software is developed by Microchip Technology Inc. and its subsidiaries ("Microch
      +                          ip").
    22                           ; 
    23                           ; Redistribution and use in source and binary forms, with or without modification, are
    24                           ; permitted provided that the following conditions are met:
    25                           ; 
    26                           ;     1. Redistributions of source code must retain the above copyright notice, this lis
      +                          t of
    27                           ;        conditions and the following disclaimer.
    28                           ; 
    29                           ;     2. Redistributions in binary form must reproduce the above copyright notice, this 
      +                          list
    30                           ;        of conditions and the following disclaimer in the documentation and/or other
    31                           ;        materials provided with the distribution. Publication is not required when
    32                           ;        this file is used in an embedded application.
    33                           ; 
    34                           ;     3. Microchip's name may not be used to endorse or promote products derived from th
      +                          is
    35                           ;        software without specific prior written permission.
    36                           ; 
    37                           ; THIS SOFTWARE IS PROVIDED BY MICROCHIP "AS IS" AND ANY EXPRESS OR IMPLIED WARRANTIES,
    38                           ; INCLUDING, BUT NOT LIMITED TO, THE IMPLIED WARRANTIES OF MERCHANTABILITY AND FITNESS F
      +                          OR
    39                           ; PURPOSE ARE DISCLAIMED.  IN NO EVENT SHALL MICROCHIP BE LIABLE FOR ANY DIRECT, INDIREC
      +                          T,
    40                           ; INCIDENTAL, SPECIAL, EXEMPLARY, OR CONSEQUENTIAL DAMAGES (INCLUDING BUT NOT LIMITED TO
    41                           ; PROCUREMENT OF SUBSTITUTE GOODS OR SERVICES; LOSS OF USE, DATA OR PROFITS; OR BUSINESS
    42                           ; INTERRUPTION) HOWSOEVER CAUSED AND ON ANY THEORY OF LIABILITY, WHETHER IN CONTRACT, ST
      +                          RICT
    43                           ; LIABILITY, OR TORT (INCLUDING NEGLIGENCE OR OTHERWISE) ARISING IN ANY WAY OUT OF THE U
      +                          SE OF
    44                           ; THIS SOFTWARE, EVEN IF ADVISED OF THE POSSIBILITY OF SUCH DAMAGE.
    45                           ; 
    46                           ; 
    47                           ; Code-generator required, PIC18F87J90 Definitions
    48                           ; 
    49                           ; SFR Addresses
    50  0000                     _TMR1	set	4046
    51  0000                     _T1CONbits	set	4045
    52  0000                     _PIR1bits	set	3998
    53  0000                     _INTCONbits	set	4082
    54  0000                     _IPR1bits	set	3999
    55  0000                     _RCONbits	set	4048
    56  0000                     _PIE1bits	set	3997
    57  0000                     _TMR1L	set	4046
    58  0000                     _TMR1H	set	4047
    59  0000                     _T1CON	set	4045
    60  0000                     _LATE	set	3981
    61  0000                     _TRISE	set	3990
    62  0000                     _OSCCONbits	set	4051
    63  0000                     _TMR1IF	set	31984
    64                           
    65                           ; #config settings
    66                           
    67                           	psect	cinit
    68  000088                     __pcinit:
    69                           	callstack 0
    70  000088                     start_initialization:
    71                           	callstack 0
    72  000088                     __initialization:
    73                           	callstack 0
    74                           
    75                           ; Clear objects allocated to COMRAM (2 bytes)
    76  000088  6A02               	clrf	(__pbssCOMRAM+1)& (0+255),c
    77  00008A  6A01               	clrf	__pbssCOMRAM& (0+255),c
    78  00008C                     end_of_initialization:
    79                           	callstack 0
    80  00008C                     __end_of__initialization:
    81                           	callstack 0
    82  00008C  9003               	bcf	int$flags,0,c	;clear compiler interrupt flag (level 1)
    83  00008E  9203               	bcf	int$flags,1,c	;clear compiler interrupt flag (level 2)
    84  000090  0100               	movlb	0
    85  000092  EF2C  F000         	goto	_main	;jump to C main() function
    86                           
    87                           	psect	bssCOMRAM
    88  000001                     __pbssCOMRAM:
    89                           	callstack 0
    90  000001                     _count:
    91                           	callstack 0
    92  000001                     	ds	2
    93                           
    94                           	psect	cstackCOMRAM
    95  000000                     __pcstackCOMRAM:
    96                           	callstack 0
    97  000000                     
    98                           ; 1 bytes @ 0x0
    99 ;;
   100 ;;Main: autosize = 0, tempsize = 0, incstack = 0, save=0
   101 ;;
   102 ;; *************** function _main *****************
   103 ;; Defined at:
   104 ;;		line 16 in file "main.c"
   105 ;; Parameters:    Size  Location     Type
   106 ;;		None
   107 ;; Auto vars:     Size  Location     Type
   108 ;;		None
   109 ;; Return value:  Size  Location     Type
   110 ;;                  1    wreg      void 
   111 ;; Registers used:
   112 ;;		wreg, status,2
   113 ;; Tracked objects:
   114 ;;		On entry : 0/0
   115 ;;		On exit  : 0/0
   116 ;;		Unchanged: 0/0
   117 ;; Data sizes:     COMRAM   BANK0   BANK1   BANK2   BANK3   BANK4   BANK5   BANK6   BANK7   BANK8   BANK9  BANK10  BANK1
      +1  BANK12  BANK13  BANK14  BANK15
   118 ;;      Params:         0       0       0       0       0       0       0       0       0       0       0       0       
      +0       0       0       0       0
   119 ;;      Locals:         0       0       0       0       0       0       0       0       0       0       0       0       
      +0       0       0       0       0
   120 ;;      Temps:          0       0       0       0       0       0       0       0       0       0       0       0       
      +0       0       0       0       0
   121 ;;      Totals:         0       0       0       0       0       0       0       0       0       0       0       0       
      +0       0       0       0       0
   122 ;;Total ram usage:        0 bytes
   123 ;; Hardware stack levels required when called:    1
   124 ;; This function calls:
   125 ;;		Nothing
   126 ;; This function is called by:
   127 ;;		Startup code after reset
   128 ;; This function uses a non-reentrant model
   129 ;;
   130                           
   131                           	psect	text0
   132  000058                     __ptext0:
   133                           	callstack 0
   134  000058                     _main:
   135                           	callstack 30
   136  000058                     
   137                           ;main.c: 18:     PIR1bits.TMR1IF = 0;
   138  000058  0E70               	movlw	112
   139  00005A  12D3               	iorwf	211,f,c	;volatile
   140                           
   141                           ;main.c: 19: 
   142  00005C  0E03               	movlw	3
   143  00005E  12D3               	iorwf	211,f,c	;volatile
   144                           
   145                           ;main.c: 21: 
   146  000060  0E00               	movlw	0
   147  000062  6E96               	movwf	150,c	;volatile
   148                           
   149                           ;main.c: 22:     while (1);
   150  000064  0E00               	movlw	0
   151  000066  6E8D               	movwf	141,c	;volatile
   152                           
   153                           ;main.c: 23: }
   154  000068  0E80               	movlw	128
   155  00006A  6ECD               	movwf	205,c	;volatile
   156                           
   157                           ;main.c: 24: 
   158  00006C  0EF8               	movlw	248
   159  00006E  6ECF               	movwf	207,c	;volatile
   160                           
   161                           ;main.c: 25: void __attribute__((picinterrupt(("high_priority")))) high_isr(void)
   162  000070  0E30               	movlw	48
   163  000072  6ECE               	movwf	206,c	;volatile
   164  000074                     
   165                           ;main.c: 27:     if(TMR1IF == 1){
   166  000074  809D               	bsf	157,0,c	;volatile
   167  000076                     
   168                           ;main.c: 28:         count = count+1;
   169  000076  8ED0               	bsf	208,7,c	;volatile
   170  000078                     
   171                           ;main.c: 29:         if(count == 1000){
   172  000078  809F               	bsf	159,0,c	;volatile
   173  00007A                     
   174                           ;main.c: 30:             LATE = ~(LATE);
   175  00007A  8EF2               	bsf	242,7,c	;volatile
   176  00007C                     
   177                           ;main.c: 31:             count = 0;
   178  00007C  909E               	bcf	158,0,c	;volatile
   179  00007E                     
   180                           ;main.c: 33:      TMR1 = 0xF830;
   181  00007E  80CD               	bsf	205,0,c	;volatile
   182  000080                     l35:
   183  000080  EF40  F000         	goto	l35
   184  000084  EF2A  F000         	goto	start
   185  000088                     __end_of_main:
   186                           	callstack 0
   187                           
   188 ;; *************** function _high_isr *****************
   189 ;; Defined at:
   190 ;;		line 38 in file "main.c"
   191 ;; Parameters:    Size  Location     Type
   192 ;;		None
   193 ;; Auto vars:     Size  Location     Type
   194 ;;		None
   195 ;; Return value:  Size  Location     Type
   196 ;;                  1    wreg      void 
   197 ;; Registers used:
   198 ;;		wreg, status,2, status,0
   199 ;; Tracked objects:
   200 ;;		On entry : 0/0
   201 ;;		On exit  : 0/0
   202 ;;		Unchanged: 0/0
   203 ;; Data sizes:     COMRAM   BANK0   BANK1   BANK2   BANK3   BANK4   BANK5   BANK6   BANK7   BANK8   BANK9  BANK10  BANK1
      +1  BANK12  BANK13  BANK14  BANK15
   204 ;;      Params:         0       0       0       0       0       0       0       0       0       0       0       0       
      +0       0       0       0       0
   205 ;;      Locals:         0       0       0       0       0       0       0       0       0       0       0       0       
      +0       0       0       0       0
   206 ;;      Temps:          0       0       0       0       0       0       0       0       0       0       0       0       
      +0       0       0       0       0
   207 ;;      Totals:         0       0       0       0       0       0       0       0       0       0       0       0       
      +0       0       0       0       0
   208 ;;Total ram usage:        0 bytes
   209 ;; Hardware stack levels used:    1
   210 ;; This function calls:
   211 ;;		Nothing
   212 ;; This function is called by:
   213 ;;		Interrupt level 2
   214 ;; This function uses a non-reentrant model
   215 ;;
   216                           
   217                           	psect	intcode
   218  000008                     __pintcode:
   219                           	callstack 0
   220  000008                     _high_isr:
   221                           	callstack 30
   222                           
   223                           ;incstack = 0
   224  000008  8203               	bsf	int$flags,1,c	;set compiler interrupt flag (level 2)
   225  00000A  A09E               	btfss	3998,0,c	;volatile
   226  00000C  EF0A  F000         	goto	i2u1_41
   227  000010  EF0C  F000         	goto	i2u1_40
   228  000014                     i2u1_41:
   229  000014  EF28  F000         	goto	i2l45
   230  000018                     i2u1_40:
   231  000018  0E01               	movlw	1
   232  00001A  2401               	addwf	_count^0,w,c
   233  00001C  6E01               	movwf	_count^0,c
   234  00001E  0E00               	movlw	0
   235  000020  2002               	addwfc	(_count+1)^0,w,c
   236  000022  6E02               	movwf	(_count+1)^0,c
   237  000024  0EE8               	movlw	232
   238  000026  1801               	xorwf	_count^0,w,c
   239  000028  E107               	bnz	i2u2_41
   240  00002A  0E03               	movlw	3
   241  00002C  1802               	xorwf	(_count+1)^0,w,c
   242  00002E  A4D8               	btfss	status,2,c
   243  000030  EF1C  F000         	goto	i2u2_41
   244  000034  EF1E  F000         	goto	i2u2_40
   245  000038                     i2u2_41:
   246  000038  EF23  F000         	goto	i2l743
   247  00003C                     i2u2_40:
   248  00003C  1E8D               	comf	141,f,c	;volatile
   249  00003E  0E00               	movlw	0
   250  000040  6E02               	movwf	(_count+1)^0,c
   251  000042  0E00               	movlw	0
   252  000044  6E01               	movwf	_count^0,c
   253  000046                     i2l743:
   254  000046  0EF8               	movlw	248
   255  000048  6ECF               	movwf	207,c	;volatile
   256  00004A  0E30               	movlw	48
   257  00004C  6ECE               	movwf	206,c	;volatile
   258  00004E  909E               	bcf	3998,0,c	;volatile
   259  000050                     i2l45:
   260  000050  9203               	bcf	int$flags,1,c	;clear compiler interrupt flag (level 2)
   261  000052  0011               	retfie		f
   262  000054                     __end_of_high_isr:
   263                           	callstack 0
   264  0000                     
   265                           	psect	rparam
   266  0000                     
   267                           	psect	temp
   268  000003                     btemp:
   269                           	callstack 0
   270  000003                     	ds	1
   271  0000                     int$flags	set	btemp
   272  0000                     wtemp8	set	btemp+1
   273  0000                     ttemp5	set	btemp+1
   274  0000                     ttemp6	set	btemp+4
   275  0000                     ttemp7	set	btemp+8
   276                           
   277                           	psect	config
   278                           
   279                           ;Config register CONFIG1L @ 0x1FFF8
   280                           ;	Watchdog Timer
   281                           ;	WDTEN = OFF, Disabled-Controlled by SWDTEN bit
   282                           ;	Stack Overflow Reset
   283                           ;	STVREN = OFF, Disabled
   284                           ;	Extended Instruction Set Enable bit
   285                           ;	XINST = OFF, Disabled
   286                           ;	Background Debugger Enable bit
   287                           ;	DEBUG = 0x1, unprogrammed default
   288  1FFF8                     	org	131064
   289  1FFF8  80                 	db	128
   290                           
   291                           ;Config register CONFIG1H @ 0x1FFF9
   292                           ;	Code Protect
   293                           ;	CP0 = OFF, Disabled
   294  1FFF9                     	org	131065
   295  1FFF9  F4                 	db	244
   296                           
   297                           ;Config register CONFIG2L @ 0x1FFFA
   298                           ;	Oscillator Selection bits
   299                           ;	OSC = INTOSC, Internal oscillator, port function on RA6 and RA7
   300                           ;	Secondary Clock Source T1OSCEN Enforcement
   301                           ;	T1DIG = 0x1, unprogrammed default
   302                           ;	Low-Power Timer1 Oscillator Enable bit
   303                           ;	LPT1OSC = 0x1, unprogrammed default
   304                           ;	Fail-Safe Clock Monitor Enable bit
   305                           ;	FCMEN = OFF, Fail-Safe Clock Monitor disabled
   306                           ;	Two-Speed Start-up (Internal/External Oscillator Switchover) Control bit
   307                           ;	IESO = OFF, Two-Speed Start-up disabled
   308  1FFFA                     	org	131066
   309  1FFFA  18                 	db	24
   310                           
   311                           ;Config register CONFIG2H @ 0x1FFFB
   312                           ;	unspecified, using default values
   313                           ;	Watchdog Timer Postscaler Select bits
   314                           ;	WDTPS = 0xF, unprogrammed default
   315  1FFFB                     	org	131067
   316  1FFFB  FF                 	db	255
   317                           
   318                           ;Config register CONFIG3L @ 0x1FFFC
   319                           ;	unspecified, using default values
   320                           ;	RTCC Reference Clock Select bit
   321                           ;	RTCSOSC = 0x1, unprogrammed default
   322  1FFFC                     	org	131068
   323  1FFFC  F2                 	db	242
   324                           
   325                           ;Config register CONFIG3H @ 0x1FFFD
   326                           ;	unspecified, using default values
   327                           ;	CCP2 MUX
   328                           ;	CCP2MX = 0x1, unprogrammed default
   329  1FFFD                     	org	131069
   330  1FFFD  F1                 	db	241
   331                           tosu	equ	0xFFF
   332                           tosh	equ	0xFFE
   333                           tosl	equ	0xFFD
   334                           stkptr	equ	0xFFC
   335                           pclatu	equ	0xFFB
   336                           pclath	equ	0xFFA
   337                           pcl	equ	0xFF9
   338                           tblptru	equ	0xFF8
   339                           tblptrh	equ	0xFF7
   340                           tblptrl	equ	0xFF6
   341                           tablat	equ	0xFF5
   342                           prodh	equ	0xFF4
   343                           prodl	equ	0xFF3
   344                           indf0	equ	0xFEF
   345                           postinc0	equ	0xFEE
   346                           postdec0	equ	0xFED
   347                           preinc0	equ	0xFEC
   348                           plusw0	equ	0xFEB
   349                           fsr0h	equ	0xFEA
   350                           fsr0l	equ	0xFE9
   351                           wreg	equ	0xFE8
   352                           indf1	equ	0xFE7
   353                           postinc1	equ	0xFE6
   354                           postdec1	equ	0xFE5
   355                           preinc1	equ	0xFE4
   356                           plusw1	equ	0xFE3
   357                           fsr1h	equ	0xFE2
   358                           fsr1l	equ	0xFE1
   359                           bsr	equ	0xFE0
   360                           indf2	equ	0xFDF
   361                           postinc2	equ	0xFDE
   362                           postdec2	equ	0xFDD
   363                           preinc2	equ	0xFDC
   364                           plusw2	equ	0xFDB
   365                           fsr2h	equ	0xFDA
   366                           fsr2l	equ	0xFD9
   367                           status	equ	0xFD8

Data Sizes:
    Strings     0
    Constant    0
    Data        0
    BSS         2
    Persistent  0
    Stack       0

Auto Spaces:
    Space          Size  Autos    Used
    COMRAM           94      0       2
    BANK0           160      0       0
    BANK1           256      0       0
    BANK2           256      0       0
    BANK3           256      0       0
    BANK4           256      0       0
    BANK5           256      0       0
    BANK6           256      0       0
    BANK7           256      0       0
    BANK8           256      0       0
    BANK9           256      0       0
    BANK10          256      0       0
    BANK11          256      0       0
    BANK12          256      0       0
    BANK13          256      0       0
    BANK14          256      0       0
    BANK15           84      0       0

Pointer List with Targets:

    None.

Critical Paths under _main in COMRAM

    None.

Critical Paths under _high_isr in COMRAM

    None.

Critical Paths under _main in BANK0

    None.

Critical Paths under _high_isr in BANK0

    None.

Critical Paths under _main in BANK1

    None.

Critical Paths under _high_isr in BANK1

    None.

Critical Paths under _main in BANK2

    None.

Critical Paths under _high_isr in BANK2

    None.

Critical Paths under _main in BANK3

    None.

Critical Paths under _high_isr in BANK3

    None.

Critical Paths under _main in BANK4

    None.

Critical Paths under _high_isr in BANK4

    None.

Critical Paths under _main in BANK5

    None.

Critical Paths under _high_isr in BANK5

    None.

Critical Paths under _main in BANK6

    None.

Critical Paths under _high_isr in BANK6

    None.

Critical Paths under _main in BANK7

    None.

Critical Paths under _high_isr in BANK7

    None.

Critical Paths under _main in BANK8

    None.

Critical Paths under _high_isr in BANK8

    None.

Critical Paths under _main in BANK9

    None.

Critical Paths under _high_isr in BANK9

    None.

Critical Paths under _main in BANK10

    None.

Critical Paths under _high_isr in BANK10

    None.

Critical Paths under _main in BANK11

    None.

Critical Paths under _high_isr in BANK11

    None.

Critical Paths under _main in BANK12

    None.

Critical Paths under _high_isr in BANK12

    None.

Critical Paths under _main in BANK13

    None.

Critical Paths under _high_isr in BANK13

    None.

Critical Paths under _main in BANK14

    None.

Critical Paths under _high_isr in BANK14

    None.

Critical Paths under _main in BANK15

    None.

Critical Paths under _high_isr in BANK15

    None.

Call Graph Tables:

 ---------------------------------------------------------------------------------
 (Depth) Function   	        Calls       Base Space   Used Autos Params    Refs
 ---------------------------------------------------------------------------------
 (0) _main                                                 0     0      0       0
 ---------------------------------------------------------------------------------
 Estimated maximum stack depth 0
 ---------------------------------------------------------------------------------
 (Depth) Function   	        Calls       Base Space   Used Autos Params    Refs
 ---------------------------------------------------------------------------------
 (1) _high_isr                                             0     0      0       0
 ---------------------------------------------------------------------------------
 Estimated maximum stack depth 1
 ---------------------------------------------------------------------------------

 Call Graph Graphs:

 _main (ROOT)

 _high_isr (ROOT)

 Address spaces:
Name               Size   Autos  Total    Cost      Usage
BIGRAM             F53      0       0      37        0.0%
BITBANK14          100      0       0      33        0.0%
BANK14             100      0       0      34        0.0%
BITBANK13          100      0       0      31        0.0%
BANK13             100      0       0      32        0.0%
BITBANK12          100      0       0      29        0.0%
BANK12             100      0       0      30        0.0%
BITBANK11          100      0       0      27        0.0%
BANK11             100      0       0      28        0.0%
BITBANK10          100      0       0      25        0.0%
BANK10             100      0       0      26        0.0%
BITBANK9           100      0       0      23        0.0%
BANK9              100      0       0      24        0.0%
BITBANK8           100      0       0      21        0.0%
BANK8              100      0       0      22        0.0%
BITBANK7           100      0       0      19        0.0%
BANK7              100      0       0      20        0.0%
BITBANK6           100      0       0      17        0.0%
BANK6              100      0       0      18        0.0%
BITBANK5           100      0       0      15        0.0%
BANK5              100      0       0      16        0.0%
BITBANK4           100      0       0      13        0.0%
BANK4              100      0       0      14        0.0%
BITBANK3           100      0       0      10        0.0%
BANK3              100      0       0      11        0.0%
BITBANK2           100      0       0       8        0.0%
BANK2              100      0       0       9        0.0%
BITBANK1           100      0       0       6        0.0%
BANK1              100      0       0       7        0.0%
BITBANK0            A0      0       0       4        0.0%
BANK0               A0      0       0       5        0.0%
BITCOMRAM           5E      0       0       0        0.0%
COMRAM              5E      0       2       1        2.1%
BITBANK15           54      0       0      35        0.0%
BANK15              54      0       0      36        0.0%
BITSFR_1             0      0       0     200        0.0%
SFR_1                0      0       0     200        0.0%
BITSFR               0      0       0     200        0.0%
SFR                  0      0       0     200        0.0%
STACK                0      0       0       2        0.0%
NULL                 0      0       0       0        0.0%
ABS                  0      0       2      12        0.0%
DATA                 0      0       2       3        0.0%
CODE                 0      0       0       0        0.0%


Microchip Technology PIC18 Macro Assembler V2.20 build 20200408173844 
Symbol Table                                                                                   Mon Mar 21 11:20:40 2022

                     l35 0080                       l36 0080                      l721 0058  
                    l731 007C                      l723 0074                      l733 007E  
                    l725 0076                      l727 0078                      l729 007A  
                   _LATE 000F8D                     i2l45 0050                     _TMR1 000FCE  
                   _main 0058                     btemp 0003                     start 0054  
           ___param_bank 000000                    ?_main 0000                    _T1CON 000FCD  
                  i2l741 003E                    i2l743 0046                    i2l735 000A  
                  i2l745 004E                    i2l737 0018                    i2l739 003C  
                  _TMR1H 000FCF                    _TMR1L 000FCE                    _TRISE 000F96  
                  _count 0001                    ttemp5 0004                    ttemp6 0007  
                  ttemp7 000B                    status 000FD8                    wtemp8 0004  
        __initialization 0088             __end_of_main 0088                   ??_main 0000  
          __activetblptr 000000                   _TMR1IF 007CF0                   i2u1_40 0018  
                 i2u1_41 0014                   i2u2_40 003C                   i2u2_41 0038  
       __end_of_high_isr 0054               __accesstop 0060  __end_of__initialization 008C  
          ___rparam_used 000001           __pcstackCOMRAM 0000                ?_high_isr 0000  
                __Hparam 0000                  __Lparam 0000                  __pcinit 0088  
                __ramtop 1000                  __ptext0 0058                _T1CONbits 000FCD  
             ??_high_isr 0000     end_of_initialization 008C      start_initialization 0088  
            __pbssCOMRAM 0001        __size_of_high_isr 004C                __pintcode 0008  
               _IPR1bits 000F9F                 _PIE1bits 000F9D                 _PIR1bits 000F9E  
               _RCONbits 000FD0                 __Hrparam 0000                 __Lrparam 0000  
               _high_isr 0008            __size_of_main 0030                 int$flags 0003  
             _INTCONbits 000FF2                 intlevel2 0000               _OSCCONbits 000FD3  
